<?xml version="1.0" encoding="UTF-8"?>
<!-- Generated by org.testng.reporters.JUnitReportReporter -->
<testsuite hostname="DESKTOP-6QBGOB9" failures="0" tests="1" name="com.interview.test" time="0.403" errors="0" timestamp="25 Oct 2023 10:29:52 GMT">
  <testcase classname="com.interview.test" name="InsertData" time="0.403"/>
</testsuite> <!-- com.interview.test -->
